<?xml version="1.0" encoding="utf-8"?><testsuites name="pytest tests"><testsuite name="pytest" errors="0" failures="0" skipped="0" tests="10" time="3.986" timestamp="2026-09-12T15:05:37.672984+00:00" hostname="agent-env-ab0e4ca2-0c01-452c-9b51-2866fe1a9c2a"><testcase classname="tests.test_iteration7.TestIteration7" name="test_01_substitutes_shape" time="0.957" /><testcase classname="tests.test_iteration7.TestIteration7" name="test_02_same_family_first" time="1.232" /><testcase classname="tests.test_iteration7.TestIteration7" name="test_03_substitutes_index_out_of_range" time="0.138" /><testcase classname="tests.test_iteration7.TestIteration7" name="test_04_substitutes_unknown_meal" time="0.118" /><testcase classname="tests.test_iteration7.TestIteration7" name="test_05_set_component_success" time="0.431" /><testcase classname="tests.test_iteration7.TestIteration7" name="test_06_set_component_invalid_food_id" time="0.121" /><testcase classname="tests.test_iteration7.TestIteration7" name="test_07_regression_generate" time="0.211" /><testcase classname="tests.test_iteration7.TestIteration7" name="test_08_regression_shopping_week0" time="0.146" /><testcase classname="tests.test_iteration7.TestIteration7" name="test_09_regression_recap_week0" time="0.154" /><testcase classname="tests.test_iteration7.TestIteration7" name="test_10_regression_batch_week0" time="0.166" /></testsuite></testsuites>