<?xml version="1.0" encoding="utf-8"?><testsuites name="pytest tests"><testsuite name="pytest" errors="0" failures="0" skipped="1" tests="12" time="2.346" timestamp="2026-09-13T08:17:28.999041+00:00" hostname="agent-env-ab0e4ca2-0c01-452c-9b51-2866fe1a9c2a"><testcase classname="tests.test_iteration8.TestShoppingHousehold" name="test_household_default_is_1" time="0.971" /><testcase classname="tests.test_iteration8.TestUndo" name="test_replace_then_undo_restores_original" time="1.394" /><testcase classname="tests.test_iteration8.TestShoppingHousehold" name="test_household_2_doubles_raw_grams" time="0.177" /><testcase classname="tests.test_iteration8.TestShoppingHousehold" name="test_household_2_text_mentions" time="0.086" /><testcase classname="tests.test_iteration8.TestShoppingHousehold" name="test_household_7_returns_422" time="0.086" /><testcase classname="tests.test_iteration8.TestRegression" name="test_shopping_toggle" time="0.216" /><testcase classname="tests.test_iteration8.TestUndo" name="test_second_undo_returns_400" time="0.097" /><testcase classname="tests.test_iteration8.TestUndo" name="test_done_does_not_create_snapshot" time="0.289" /><testcase classname="tests.test_iteration8.TestRegression" name="test_recap_week_0" time="0.091" /><testcase classname="tests.test_iteration8.TestRegression" name="test_substitutes" time="0.200" /><testcase classname="tests.test_iteration8.TestLifestyleBadges" name="test_main_meals_have_lifestyle_list" time="0.110" /><testcase classname="tests.test_iteration8.TestLifestyleBadges" name="test_snack_lifestyle_field_missing_bug" time="0.121"><skipped type="pytest.xfail" message="KNOWN: snack recipe missing 'lifestyle' in 28 meals (engine.py:490 build_snack builds recipe dict inline instead of via make_recipe)" /></testcase></testsuite></testsuites>