<?xml version="1.0" encoding="utf-8"?><testsuites name="pytest tests"><testsuite name="pytest" errors="0" failures="0" skipped="0" tests="10" time="3.201" timestamp="2026-09-12T13:54:24.157198+00:00" hostname="agent-env-ab0e4ca2-0c01-452c-9b51-2866fe1a9c2a"><testcase classname="tests.test_iteration4.TestIteration4" name="test_01_preferences_has_notes_and_goal_defaults" time="0.512" /><testcase classname="tests.test_iteration4.TestIteration4" name="test_02_put_goal_weight_ok" time="0.248" /><testcase classname="tests.test_iteration4.TestIteration4" name="test_03_put_goal_weight_out_of_range" time="0.122" /><testcase classname="tests.test_iteration4.TestIteration4" name="test_04_put_goal_weight_null_resets" time="0.238" /><testcase classname="tests.test_iteration4.TestIteration4" name="test_05_put_note_and_get" time="0.232" /><testcase classname="tests.test_iteration4.TestIteration4" name="test_06_put_note_empty_removes_key" time="0.359" /><testcase classname="tests.test_iteration4.TestIteration4" name="test_07_put_note_blank_blueprint_id_400" time="0.142" /><testcase classname="tests.test_iteration4.TestIteration4" name="test_08_put_note_truncated_to_1000_chars" time="0.247" /><testcase classname="tests.test_iteration4.TestIteration4" name="test_09_regression_current_program_and_badges" time="0.554" /><testcase classname="tests.test_iteration4.TestIteration4" name="test_10_regression_weights_post_and_get" time="0.238" /></testsuite></testsuites>