<?xml version="1.0" encoding="utf-8"?><testsuites name="pytest tests"><testsuite name="pytest" errors="0" failures="3" skipped="0" tests="140" time="68.539" timestamp="2026-09-14T12:25:21.565019+00:00" hostname="agent-env-ab0e4ca2-0c01-452c-9b51-2866fe1a9c2a"><testcase classname="tests.test_iteration3.TestIteration3PhotosAndBadges" name="test_01_bootstrap_program" time="1.109" /><testcase classname="tests.backend_test.TestFullFlow" name="test_01_targets_get_default" time="0.757" /><testcase classname="tests.backend_test.TestFullFlow" name="test_02_targets_put_duration_2_lunch_protein_150" time="0.430" /><testcase classname="tests.test_iteration3.TestIteration3PhotosAndBadges" name="test_02_badges_shape" time="0.184" /><testcase classname="tests.backend_test.TestFullFlow" name="test_03_parse_text" time="0.133" /><testcase classname="tests.test_iteration3.TestIteration3PhotosAndBadges" name="test_03_first_cook_earned_after_done" time="0.465" /><testcase classname="tests.backend_test.TestFullFlow" name="test_04_targets_unauth" time="0.116" /><testcase classname="tests.backend_test.TestFullFlow" name="test_05_generate_program" time="0.215" /><testcase classname="tests.backend_test.TestFullFlow" name="test_06_exclusions_apply" time="0.566" /><testcase classname="tests.test_iteration3.TestIteration3PhotosAndBadges" name="test_04_upload_photo_ok_or_env" time="0.460" /><testcase classname="tests.test_iteration3.TestIteration3PhotosAndBadges" name="test_05_get_file_with_token" time="0.511" /><testcase classname="tests.backend_test.TestFullFlow" name="test_07_current_program" time="0.188" /><testcase classname="tests.backend_test.TestFullFlow" name="test_08_list_without_weeks" time="0.169" /><testcase classname="tests.backend_test.TestFullFlow" name="test_09_extra_program_activate_delete" time="1.014" /><testcase classname="tests.test_iteration3.TestIteration3PhotosAndBadges" name="test_06_get_file_without_token_401" time="0.154" /><testcase classname="tests.test_iteration3.TestIteration3PhotosAndBadges" name="test_07_get_file_other_user_404" time="0.613" /><testcase classname="tests.test_iteration3.TestIteration3PhotosAndBadges" name="test_08_delete_photo" time="0.133" /><testcase classname="tests.backend_test.TestFullFlow" name="test_10_shopping_shape_and_inventory" time="0.300" /><testcase classname="tests.test_iteration3.TestIteration3PhotosAndBadges" name="test_09_photo_too_large" time="0.788" /><testcase classname="tests.backend_test.TestFullFlow" name="test_11_shopping_toggle_persists" time="0.490" /><testcase classname="tests.backend_test.TestFullFlow" name="test_12_shopping_out_of_range" time="0.131" /><testcase classname="tests.test_iteration3.TestIteration3PhotosAndBadges" name="test_10_photo_invalid_week" time="0.176" /><testcase classname="tests.backend_test.TestFullFlow" name="test_13_shopping_unauth" time="0.324" /><testcase classname="tests.test_iteration3.TestIteration3PhotosAndBadges" name="test_11_photo_invalid_day" time="0.191" /><testcase classname="tests.test_iteration3.TestIteration3PhotosAndBadges" name="test_12_photo_invalid_meal" time="0.162" /><testcase classname="tests.backend_test.TestFullFlow" name="test_14_done_toggle" time="0.624" /><testcase classname="tests.test_iteration3.TestIteration3PhotosAndBadges" name="test_13_delete_photo_invalid_meal" time="0.143" /><testcase classname="tests.test_iteration5.TestIteration5" name="test_01_hydration_today_default" time="0.514" /><testcase classname="tests.backend_test.TestFullFlow" name="test_15_favorite_and_prefs" time="0.517" /><testcase classname="tests.test_iteration5.TestIteration5" name="test_02_hydration_post_plus3" time="0.156" /><testcase classname="tests.test_iteration5.TestIteration5" name="test_03_hydration_post_floor_at_zero" time="0.159" /><testcase classname="tests.test_iteration5.TestIteration5" name="test_04_hydration_bad_date_400" time="0.260" /><testcase classname="tests.backend_test.TestFullFlow" name="test_16_rating_avoid" time="0.483" /><testcase classname="tests.test_iteration5.TestIteration5" name="test_05_hydration_goal_ok" time="0.345" /><testcase classname="tests.backend_test.TestFullFlow" name="test_17_replace_lunch_different" time="0.337" /><testcase classname="tests.test_iteration5.TestIteration5" name="test_06_hydration_goal_too_low" time="0.124" /><testcase classname="tests.test_iteration5.TestIteration5" name="test_07_hydration_goal_too_high" time="0.123" /><testcase classname="tests.test_iteration5.TestIteration5" name="test_08_photos_empty" time="0.418" /><testcase classname="tests.backend_test.TestFullFlow" name="test_18_quick_dinner" time="0.216" /><testcase classname="tests.backend_test.TestFullFlow" name="test_19_replace_with_mood_fresh" time="0.187" /><testcase classname="tests.test_iteration5.TestIteration5" name="test_09_photos_upload_then_listed_then_deleted" time="0.760" /><testcase classname="tests.backend_test.TestFullFlow" name="test_20_replace_component" time="0.357" /><testcase classname="tests.backend_test.TestFullFlow" name="test_21_unknown_action" time="0.123" /><testcase classname="tests.backend_test.TestFullFlow" name="test_22_meals_action_unauth" time="0.138" /><testcase classname="tests.backend_test.TestFullFlow" name="test_23_swap_day_400_when_different" time="0.150" /><testcase classname="tests.test_iteration5.TestIteration5" name="test_10_favorites_toggle_flow" time="0.768" /><testcase classname="tests.backend_test.TestFullFlow" name="test_24_swap_day_success_when_equal" time="0.832" /><testcase classname="tests.test_iteration5.TestIteration5" name="test_11_outside_toggle_flow" time="5.268" /><testcase classname="tests.test_iteration6.TestIteration6" name="test_01_recap_week0_shape" time="0.807" /><testcase classname="tests.test_iteration6.TestIteration6" name="test_02_recap_done_increment" time="0.869" /><testcase classname="tests.test_iteration6.TestIteration6" name="test_03_recap_week_out_of_range_404" time="0.224" /><testcase classname="tests.test_iteration6.TestIteration6" name="test_04_recap_unknown_program_404" time="0.189" /><testcase classname="tests.test_iteration6.TestIteration6" name="test_10_batch_week0_shape" time="0.402" /><testcase classname="tests.test_iteration6.TestIteration6" name="test_11_batch_groups_invariants" time="0.144" /><testcase classname="tests.test_iteration6.TestIteration6" name="test_12_batch_week_out_of_range_404" time="0.214" /><testcase classname="tests.test_iteration6.TestIteration6" name="test_13_batch_unknown_program_404" time="0.159" /><testcase classname="tests.test_iteration6.TestIteration6" name="test_20_programs_current_200" time="0.179" /><testcase classname="tests.test_iteration6.TestIteration6" name="test_21_badges_200" time="0.188" /><testcase classname="tests.test_iteration6.TestIteration6" name="test_22_hydration_today_200" time="2.140" /><testcase classname="tests.test_iteration5.TestIteration5" name="test_12_regression_current_and_shopping" time="30.955" /><testcase classname="tests.test_iteration7.TestIteration7" name="test_01_substitutes_shape" time="24.047" /><testcase classname="tests.test_iteration7.TestIteration7" name="test_02_same_family_first" time="0.684" /><testcase classname="tests.test_iteration7.TestIteration7" name="test_03_substitutes_index_out_of_range" time="0.159" /><testcase classname="tests.test_iteration7.TestIteration7" name="test_04_substitutes_unknown_meal" time="0.164" /><testcase classname="tests.test_iteration7.TestIteration7" name="test_05_set_component_success" time="0.609" /><testcase classname="tests.test_iteration7.TestIteration7" name="test_06_set_component_invalid_food_id" time="0.186" /><testcase classname="tests.test_iteration7.TestIteration7" name="test_07_regression_generate" time="0.288" /><testcase classname="tests.test_iteration7.TestIteration7" name="test_08_regression_shopping_week0" time="0.160" /><testcase classname="tests.test_iteration7.TestIteration7" name="test_09_regression_recap_week0" time="0.142" /><testcase classname="tests.test_iteration7.TestIteration7" name="test_10_regression_batch_week0" time="0.148" /><testcase classname="tests.test_iteration12.TestIt12Flow" name="test_01_snack_has_dairy_zero" time="0.513" /><testcase classname="tests.test_iteration12.TestIt12Flow" name="test_02_generate_has_base_grams_and_bonus" time="0.361" /><testcase classname="tests.test_iteration12.TestIt12Flow" name="test_03_protein_conversions" time="0.362" /><testcase classname="tests.test_iteration12.TestIt12Flow" name="test_04_exclusions_fish_ail" time="0.504" /><testcase classname="tests.test_iteration12.TestIt12Flow" name="test_05_recipes_search" time="0.353" /><testcase classname="tests.test_iteration12.TestIt12Flow" name="test_06_apply_recipe_undo" time="0.509" /><testcase classname="tests.test_iteration12.TestIt12Flow" name="test_07_set_component_conversion_and_name" time="0.307" /><testcase classname="tests.backend_test.TestAuth" name="test_root" time="0.139" /><testcase classname="tests.backend_test.TestAuth" name="test_signup_short_password" time="0.252" /><testcase classname="tests.backend_test.TestAuth" name="test_login_seeded" time="0.366" /><testcase classname="tests.backend_test.TestAuth" name="test_login_invalid" time="0.338" /><testcase classname="tests.backend_test.TestAuth" name="test_me_requires_auth" time="0.193" /><testcase classname="tests.test_iteration4.TestIteration4" name="test_01_preferences_has_notes_and_goal_defaults" time="0.782" /><testcase classname="tests.backend_test.TestAuth" name="test_library" time="0.236" /><testcase classname="tests.backend_test.TestMigrationAndRobustness" name="test_01_old_format_targets_get_returns_new_format" time="0.569" /><testcase classname="tests.test_iteration4.TestIteration4" name="test_02_put_goal_weight_ok" time="0.302" /><testcase classname="tests.backend_test.TestMigrationAndRobustness" name="test_02_generate_after_old_format_returns_200" time="0.267" /><testcase classname="tests.test_iteration4.TestIteration4" name="test_03_put_goal_weight_out_of_range" time="0.215" /><testcase classname="tests.backend_test.TestMigrationAndRobustness" name="test_03_put_targets_garbage_payload_normalized" time="0.588" /><testcase classname="tests.test_iteration4.TestIteration4" name="test_04_put_goal_weight_null_resets" time="0.264" /><testcase classname="tests.test_iteration4.TestIteration4" name="test_05_put_note_and_get" time="0.349" /><testcase classname="tests.backend_test.TestMigrationAndRobustness" name="test_04_old_format_programs_not_returned" time="0.506" /><testcase classname="tests.test_iteration4.TestIteration4" name="test_06_put_note_empty_removes_key" time="0.523" /><testcase classname="tests.backend_test.TestMigrationAndRobustness" name="test_05_unknown_program_id_404" time="0.187" /><testcase classname="tests.test_iteration4.TestIteration4" name="test_07_put_note_blank_blueprint_id_400" time="0.146" /><testcase classname="tests.backend_test.TestMigrationAndRobustness" name="test_06_recipe_names_elision" time="0.605" /><testcase classname="tests.test_iteration4.TestIteration4" name="test_08_put_note_truncated_to_1000_chars" time="0.334" /><testcase classname="tests.test_iteration4.TestIteration4" name="test_09_regression_current_program_and_badges" time="0.808" /><testcase classname="tests.test_iteration4.TestIteration4" name="test_10_regression_weights_post_and_get" time="0.301" /><testcase classname="tests.test_iteration10.TestGuests" name="test_guests_set_3_increases_shopping" time="0.887" /><testcase classname="tests.test_iteration10.TestGuests" name="test_guests_reset_to_1" time="0.372" /><testcase classname="tests.test_iteration10.TestGuests" name="test_guests_invalid_value_0" time="0.176" /><testcase classname="tests.test_iteration10.TestGuests" name="test_guests_invalid_value_9" time="0.102" /><testcase classname="tests.test_iteration8.TestShoppingHousehold" name="test_household_default_is_1" time="0.646" /><testcase classname="tests.test_iteration8.TestShoppingHousehold" name="test_household_2_doubles_raw_grams" time="0.371" /><testcase classname="tests.test_iteration8.TestShoppingHousehold" name="test_household_2_text_mentions" time="0.178" /><testcase classname="tests.test_iteration8.TestShoppingHousehold" name="test_household_7_returns_422" time="0.075" /><testcase classname="tests.test_iteration9.TestBackupRestore" name="test_restore_valid" time="1.060" /><testcase classname="tests.test_iteration10.TestRegression" name="test_generate_ok" time="0.663" /><testcase classname="tests.test_iteration9.TestBackupRestore" name="test_current_program_marked_restored" time="0.105" /><testcase classname="tests.test_iteration9.TestBackupRestore" name="test_restore_bad_version" time="0.082" /><testcase classname="tests.test_iteration9.TestBackupRestore" name="test_restore_empty" time="0.079" /><testcase classname="tests.test_iteration10.TestRegression" name="test_recap_ok" time="0.401" /><testcase classname="tests.test_iteration10.TestRegression" name="test_backup_ok" time="0.208" /><testcase classname="tests.test_iteration11.TestKcal" name="test_every_meal_has_positive_int_kcal" time="0.524" /><testcase classname="tests.test_iteration11.TestKcal" name="test_recipe_kcal_equals_sum_components" time="0.001" /><testcase classname="tests.test_iteration11.TestKcal" name="test_kcal_plausible_ranges" time="0.000" /><testcase classname="tests.test_iteration12.TestLibrary" name="test_equivalences_portions_and_foods" time="4.266" /><testcase classname="tests.test_iteration8.TestUndo" name="test_replace_then_undo_restores_original" time="4.105" /><testcase classname="tests.test_iteration8.TestUndo" name="test_second_undo_returns_400" time="0.071" /><testcase classname="tests.test_iteration8.TestUndo" name="test_done_does_not_create_snapshot" time="0.249" /><testcase classname="tests.test_iteration12.TestLibrary" name="test_rules_info_bread_bonus" time="11.380" /><testcase classname="tests.test_iteration8.TestRegression" name="test_shopping_toggle" time="0.140" /><testcase classname="tests.test_iteration8.TestRegression" name="test_recap_week_0" time="0.077" /><testcase classname="tests.test_iteration8.TestRegression" name="test_substitutes" time="0.166" /><testcase classname="tests.test_iteration9.TestBackupExport" name="test_backup_shape" time="0.684" /><testcase classname="tests.test_iteration9.TestBackupExport" name="test_backup_no_mongo_id" time="0.115" /><testcase classname="tests.test_iteration9.TestRegression" name="test_shopping_0" time="0.212" /><testcase classname="tests.test_iteration9.TestRegression" name="test_recap_0" time="0.209" /><testcase classname="tests.test_iteration11.TestImageCoherence" name="test_image_matches_method_or_protein" time="0.578" /><testcase classname="tests.test_iteration11.TestCurrentProgram" name="test_login_and_current_all_meals_have_kcal" time="0.466" /><testcase classname="tests.test_iteration11.TestSetComponentKcal" name="test_set_component_recomputes_kcal" time="0.187" /><testcase classname="tests.test_iteration12.TestHydration" name="test_default_goal_is_4" time="0.540" /><testcase classname="tests.test_iteration13.TestImagesFreshProgram" name="test_generated_program_images" time="0.757"><failure message="AssertionError: [fresh] breakfast tartines_salees image inattendue: https://images.unsplash.com/photo-1533089860892-a7c6f0a88666?w=900&amp;q=80&#10;  [fresh] lunch moules photo inattendue 1619895092538&#10;  [fresh] dinner gambas photo inattendue 1603133872878 name=Riz cantonais léger&#10;  [fresh] lunch thon photo inattendue 1540914124281&#10;  [fresh] breakfast tartines_salees image inattendue: https://images.unsplash.com/photo-1533089860892-a7c6f0a88666?w=900&amp;q=80&#10;assert not ['[fresh] breakfast tartines_salees image inattendue: https://images.unsplash.com/photo-1533089860892-a7c6f0a88666?w=900&amp;q=80', '[fresh] lunch moules photo inattendue 1619895092538', '[fresh] dinner gambas photo inattendue 1603133872878 name=Riz cantonais léger', '[fresh] lunch thon photo inattendue 1540914124281', '[fresh] breakfast tartines_salees image inattendue: https://images.unsplash.com/photo-1533089860892-a7c6f0a88666?w=900&amp;q=80']">E   AssertionError: [fresh] breakfast tartines_salees image inattendue: https://images.unsplash.com/photo-1533089860892-a7c6f0a88666?w=900&amp;q=80
      [fresh] lunch moules photo inattendue 1619895092538
      [fresh] dinner gambas photo inattendue 1603133872878 name=Riz cantonais léger
      [fresh] lunch thon photo inattendue 1540914124281
      [fresh] breakfast tartines_salees image inattendue: https://images.unsplash.com/photo-1533089860892-a7c6f0a88666?w=900&amp;q=80
    assert not ['[fresh] breakfast tartines_salees image inattendue: https://images.unsplash.com/photo-1533089860892-a7c6f0a88666?w=900&amp;q=80', '[fresh] lunch moules photo inattendue 1619895092538', '[fresh] dinner gambas photo inattendue 1603133872878 name=Riz cantonais léger', '[fresh] lunch thon photo inattendue 1540914124281', '[fresh] breakfast tartines_salees image inattendue: https://images.unsplash.com/photo-1533089860892-a7c6f0a88666?w=900&amp;q=80']</failure></testcase><testcase classname="tests.test_iteration13.TestImagesTestuserCurrent" name="test_current_program_images" time="0.467"><failure message="AssertionError: [testuser1] dinner thon photo inattendue 1621996346565&#10;  [testuser1] dinner saumon sans photo saumon (got 1619895092538) name=Gratin de potimarron &amp; saumon&#10;  [testuser1] lunch saint_jacques photo inattendue 1476124369491 name=Risotto crémeux aux courgettes &amp; crevettes&#10;  [testuser1] dinner saint_jacques photo inattendue 1476124369491 name=Risotto crémeux potimarron &amp; noix de saint-jacques&#10;  [testuser1] lunch saumon sans photo saumon (got 1512621776951) name=Bowl frais saumon, betteraves &amp; riz complet&#10;  [testuser1] dinner saumon sans photo saumon (got 1619895092538) name=Gratin de pommes de terre, poireaux &amp; saumon&#10;  [testuser1] dinner crevettes photo inattendue 1603133872878 name=Riz cantonais léger&#10;  [testuser1] breakfast tartines_salees image inattendue: https://images.unsplash.com/photo-1533089860892-a7c6f0a88666?w=900&amp;q=80&#10;  [testuser1] dinner saumon sans photo saumon (got 1633436375153) name=Parmentier léger de saumon &amp; brocolis&#10;  [testuser1] dinner thon photo inattendue 1574894709920&#10;  [testuser1] lunch saumon sans photo saumon (got 1512621776951) name=Poke bowl aux crevettes parfumées&#10;  [testuser1] breakfast tartines_salees image inattendue: https://images.unsplash.com/photo-1533089860892-a7c6f0a88666?w=900&amp;q=80&#10;  [testuser1] lunch thon photo inattendue 1539252554453&#10;  [testuser1] breakfast tartines_salees image inattendue: https://images.unsplash.com/photo-1533089860892-a7c6f0a88666?w=900&amp;q=80&#10;assert not ['[testuser1] dinner thon photo inattendue 1621996346565', '[testuser1] dinner saumon sans photo saumon (got 1619895092538) name=Gratin de potimarron &amp; saumon', '[testuser1] lunch saint_jacques photo inattendue 1476124369491 name=Risotto crémeux aux courgettes &amp; crevettes', '[testuser1] dinner saint_jacques photo inattendue 1476124369491 name=Risotto crémeux potimarron &amp; noix de saint-jacques', '[testuser1] lunch saumon sans photo saumon (got 1512621776951) name=Bowl frais saumon, betteraves &amp; riz complet', '[testuser1] dinner saumon sans photo saumon (got 1619895092538) name=Gratin de pommes de terre, poireaux &amp; saumon', ...]">E   AssertionError: [testuser1] dinner thon photo inattendue 1621996346565
      [testuser1] dinner saumon sans photo saumon (got 1619895092538) name=Gratin de potimarron &amp; saumon
      [testuser1] lunch saint_jacques photo inattendue 1476124369491 name=Risotto crémeux aux courgettes &amp; crevettes
      [testuser1] dinner saint_jacques photo inattendue 1476124369491 name=Risotto crémeux potimarron &amp; noix de saint-jacques
      [testuser1] lunch saumon sans photo saumon (got 1512621776951) name=Bowl frais saumon, betteraves &amp; riz complet
      [testuser1] dinner saumon sans photo saumon (got 1619895092538) name=Gratin de pommes de terre, poireaux &amp; saumon
      [testuser1] dinner crevettes photo inattendue 1603133872878 name=Riz cantonais léger
      [testuser1] breakfast tartines_salees image inattendue: https://images.unsplash.com/photo-1533089860892-a7c6f0a88666?w=900&amp;q=80
      [testuser1] dinner saumon sans photo saumon (got 1633436375153) name=Parmentier léger de saumon &amp; brocolis
      [testuser1] dinner thon photo inattendue 1574894709920
      [testuser1] lunch saumon sans photo saumon (got 1512621776951) name=Poke bowl aux crevettes parfumées
      [testuser1] breakfast tartines_salees image inattendue: https://images.unsplash.com/photo-1533089860892-a7c6f0a88666?w=900&amp;q=80
      [testuser1] lunch thon photo inattendue 1539252554453
      [testuser1] breakfast tartines_salees image inattendue: https://images.unsplash.com/photo-1533089860892-a7c6f0a88666?w=900&amp;q=80
    assert not ['[testuser1] dinner thon photo inattendue 1621996346565', '[testuser1] dinner saumon sans photo saumon (got 1619895092538) name=Gratin de potimarron &amp; saumon', '[testuser1] lunch saint_jacques photo inattendue 1476124369491 name=Risotto crémeux aux courgettes &amp; crevettes', '[testuser1] dinner saint_jacques photo inattendue 1476124369491 name=Risotto crémeux potimarron &amp; noix de saint-jacques', '[testuser1] lunch saumon sans photo saumon (got 1512621776951) name=Bowl frais saumon, betteraves &amp; riz complet', '[testuser1] dinner saumon sans photo saumon (got 1619895092538) name=Gratin de pommes de terre, poireaux &amp; saumon', ...]</failure></testcase><testcase classname="tests.test_iteration13.TestSnackNameMigration" name="test_snack_names_format" time="0.511" /><testcase classname="tests.test_iteration13.TestMigrationFixesImage" name="test_migration_fixes_incoherent_image" time="0.912"><failure message="AssertionError: [post-migration] dinner thon photo inattendue 1621996346565&#10;  [post-migration] lunch saumon sans photo saumon (got 1621996346565) name=Pâtes crémeuses saumon &amp; épinards&#10;  [post-migration] lunch thon photo inattendue 1540914124281&#10;  [post-migration] dinner thon photo inattendue 1619895092538&#10;  [post-migration] dinner truite sans photo saumon (got 1621996346565) name=Pâtes crémeuses saumon &amp; épinards&#10;  [post-migration] dinner saumon sans photo saumon (got 1572453800999) name=Croquettes de thon &amp; ratatouille&#10;assert not ['[post-migration] dinner thon photo inattendue 1621996346565', '[post-migration] lunch saumon sans photo saumon (got 1621996346565) name=Pâtes crémeuses saumon &amp; épinards', '[post-migration] lunch thon photo inattendue 1540914124281', '[post-migration] dinner thon photo inattendue 1619895092538', '[post-migration] dinner truite sans photo saumon (got 1621996346565) name=Pâtes crémeuses saumon &amp; épinards', '[post-migration] dinner saumon sans photo saumon (got 1572453800999) name=Croquettes de thon &amp; ratatouille']">E   AssertionError: [post-migration] dinner thon photo inattendue 1621996346565
      [post-migration] lunch saumon sans photo saumon (got 1621996346565) name=Pâtes crémeuses saumon &amp; épinards
      [post-migration] lunch thon photo inattendue 1540914124281
      [post-migration] dinner thon photo inattendue 1619895092538
      [post-migration] dinner truite sans photo saumon (got 1621996346565) name=Pâtes crémeuses saumon &amp; épinards
      [post-migration] dinner saumon sans photo saumon (got 1572453800999) name=Croquettes de thon &amp; ratatouille
    assert not ['[post-migration] dinner thon photo inattendue 1621996346565', '[post-migration] lunch saumon sans photo saumon (got 1621996346565) name=Pâtes crémeuses saumon &amp; épinards', '[post-migration] lunch thon photo inattendue 1540914124281', '[post-migration] dinner thon photo inattendue 1619895092538', '[post-migration] dinner truite sans photo saumon (got 1621996346565) name=Pâtes crémeuses saumon &amp; épinards', '[post-migration] dinner saumon sans photo saumon (got 1572453800999) name=Croquettes de thon &amp; ratatouille']</failure></testcase><testcase classname="tests.test_iteration12.TestLibrary" name="test_onion_garlic_are_condiments" time="0.210" /><testcase classname="tests.test_iteration8.TestLifestyleBadges" name="test_main_meals_have_lifestyle_list" time="0.652" /><testcase classname="tests.test_iteration8.TestLifestyleBadges" name="test_snack_lifestyle_field_missing_bug" time="0.096" /></testsuite></testsuites>