<?xml version="1.0" encoding="utf-8"?><testsuites name="pytest tests"><testsuite name="pytest" errors="0" failures="1" skipped="0" tests="7" time="1.870" timestamp="2026-09-13T08:49:06.455060+00:00" hostname="agent-env-ab0e4ca2-0c01-452c-9b51-2866fe1a9c2a"><testcase classname="tests.test_iteration10.TestRegression" name="test_generate_ok" time="0.918" /><testcase classname="tests.test_iteration10.TestRegression" name="test_recap_ok" time="0.151" /><testcase classname="tests.test_iteration10.TestGuests" name="test_guests_set_3_increases_shopping" time="1.235" /><testcase classname="tests.test_iteration10.TestRegression" name="test_backup_ok" time="0.078" /><testcase classname="tests.test_iteration10.TestGuests" name="test_guests_reset_to_1" time="0.149" /><testcase classname="tests.test_iteration10.TestGuests" name="test_guests_invalid_value_0" time="0.076"><failure message="AssertionError: expected 400 for value=0, got 200: {&quot;ok&quot;:true,&quot;message&quot;:&quot;Repas de retour en portion personnelle.&quot;,&quot;day&quot;:{&quot;day&quot;:&quot;Mardi&quot;,&quot;meals&quot;:{&quot;breakfast&quot;:{&quot;recipe&quot;:{&quot;lifestyle&quot;:[&quot;Sans four&quot;],&quot;blueprint_id&quot;:&quot;tartines_gourmandes&quot;,&quot;name&quot;:&quot;Petit-déjeuner sucré — Tartines gourmandes&quot;,&quot;method&quot;:&quot;toast&quot;,&quot;image&quot;:&quot;https://images.unsplash.com/photo-1509440159596-0249088772ff?w=900&amp;q=80&quot;,&quot;steps&quot;:[&quot;Toaster 40 g de pain complet selon le goût.&quot;,&quot;Tartiner avec 15 g de beurre de cacahuète 100 %.&quot;,&quot;Ajouter 10 g de pâte à tartiner chocolat-noisette en fine couche.&quot;,&quot;Servir avec 120 g d'yaourt nature.&quot;,&quot;Terminer par figues (130 g), entier ou en morceaux.&quot;],&quot;minutes&quot;:8,&quot;difficulty&quot;:&quot;easy&quot;,&quot;difficulty_label&quot;:&quot;Facile&quot;,&quot;extras&quot;:[&quot;eau&quot;,&quot;sel&quot;,&quot;poivre&quot;],&quot;quick&quot;:true,&quot;moods&quot;:[],&quot;mode&quot;:&quot;sweet&quot;},&quot;components&quot;:[{&quot;category&quot;:&quot;starch&quot;,&quot;category_label&quot;:&quot;Féculents&quot;,&quot;food_id&quot;:&quot;pain_complet&quot;,&quot;food_name&quot;:&quot;Pain complet&quot;,&quot;grams&quot;:40.0,&quot;unit&quot;:&quot;g&quot;,&quot;eq&quot;:&quot;eq_breakfast_bread&quot;},{&quot;category&quot;:&quot;fat&quot;,&quot;category_label&quot;:&quot;Matières grasses&quot;,&quot;food_id&quot;:&quot;beurre_cacahuete&quot;,&quot;food_name&quot;:&quot;Beurre de cacahuète 100 %&quot;,&quot;grams&quot;:15.0,&quot;unit&quot;:&quot;g&quot;,&quot;eq&quot;:&quot;eq_breakfast_peanut_butter&quot;},{&quot;category&quot;:&quot;sweet&quot;,&quot;category_label&quot;:&quot;Produits sucrés&quot;,&quot;food_id&quot;:&quot;pate_tartiner&quot;,&quot;food_name&quot;:&quot;Pâte à tartiner chocolat-noisette&quot;,&quot;grams&quot;:10.0,&quot;unit&quot;:&quot;g&quot;,&quot;eq&quot;:&quot;eq_sweet_spread&quot;},{&quot;category&quot;:&quot;dairy&quot;,&quot;category_label&quot;:&quot;Laitages&quot;,&quot;food_id&quot;:&quot;yaourt_nature&quot;,&quot;food_name&quot;:&quot;Yaourt nature&quot;,&quot;grams&quot;:120.0,&quot;unit&quot;:&quot;g&quot;,&quot;eq&quot;:&quot;eq_dairy_yogurt&quot;},{&quot;category&quot;:&quot;fruit&quot;,&quot;category_label&quot;:&quot;Fruits&quot;,&quot;food_id&quot;:&quot;figue&quot;,&quot;food_name&quot;:&quot;Figues&quot;,&quot;grams&quot;:130.0,&quot;unit&quot;:&quot;g&quot;,&quot;eq&quot;:&quot;eq_fruit&quot;}],&quot;pantry_used&quot;:[],&quot;done&quot;:false,&quot;favorite&quot;:false,&quot;rating&quot;:null,&quot;template&quot;:&quot;sweet_bread&quot;},&quot;lunch&quot;:{&quot;recipe&quot;:{&quot;lifestyle&quot;:[&quot;Sans four&quot;],&quot;blueprint_id&quot;:&quot;risotto_courgettes_crevettes&quot;,&quot;name&quot;:&quot;Risotto crémeux aux courgettes &amp; crevettes&quot;,&quot;method&quot;:&quot;risotto&quot;,&quot;image&quot;:&quot;https://images.unsplash.com/photo-1476124369491-e7addf5db371?w=900&amp;q=80&quot;,&quot;steps&quot;:[&quot;Préparer les ingrédients : laver et détailler courgettes (120 g) en morceaux réguliers.&quot;,&quot;Faire revenir courgettes 3 minutes avec 10 g d'huile de colza, ajouter le riz et nacrer 1 minute.&quot;,&quot;Mouiller louche par louche avec de l'eau chaude ou un bouillon dégraissé, en remuant, 18 minutes.&quot;,&quot;Cuire la protéine à part : saisir crevettes 2 à 3 minutes par face à feu vif, jusqu'à ce qu'ils soient nacrés.&quot;,&quot;Finition : incorporer crevettes et 120 g d'yaourt nature. Assaisonner avec ciboulette, saler légèrement et poivrer.&quot;,&quot;Dessert : 130 g de prunes.&quot;],&quot;minutes&quot;:45,&quot;difficulty&quot;:&quot;elaborate&quot;,&quot;difficulty_label&quot;:&quot;Créative&quot;,&quot;extras&quot;:[&quot;eau&quot;,&quot;sel&quot;,&quot;poivre&quot;,&quot;ciboulette&quot;],&quot;quick&quot;:false,&quot;moods&quot;:[&quot;comfort&quot;],&quot;mode&quot;:null},&quot;components&quot;:[{&quot;category&quot;:&quot;protein&quot;,&quot;category_label&quot;:&quot;Sources de protéines&quot;,&quot;food_id&quot;:&quot;crevettes&quot;,&quot;food_name&quot;:&quot;Crevettes&quot;,&quot;grams&quot;:120.0,&quot;unit&quot;:&quot;g&quot;,&quot;eq&quot;:&quot;eq_protein_shellfish&quot;},{&quot;category&quot;:&quot;vegetables&quot;,&quot;category_label&quot;:&quot;Légumes&quot;,&quot;food_id&quot;:&quot;courgette&quot;,&quot;food_name&quot;:&quot;Courgettes&quot;,&quot;grams&quot;:120.0,&quot;unit&quot;:&quot;g&quot;,&quot;eq&quot;:&quot;eq_vegetables&quot;},{&quot;category&quot;:&quot;starch&quot;,&quot;category_label&quot;:&quot;Féculents&quot;,&quot;food_id&quot;:&quot;riz&quot;,&quot;food_name&quot;:&quot;Riz&quot;,&quot;grams&quot;:120.0,&quot;unit&quot;:&quot;g&quot;,&quot;eq&quot;:&quot;eq_main_pasta&quot;},{&quot;category&quot;:&quot;fat&quot;,&quot;category_label&quot;:&quot;Matières grasses&quot;,&quot;food_id&quot;:&quot;huile_colza&quot;,&quot;food_name&quot;:&quot;Huile de colza&quot;,&quot;grams&quot;:10.0,&quot;unit&quot;:&quot;g&quot;,&quot;eq&quot;:&quot;eq_main_oil&quot;},{&quot;category&quot;:&quot;dairy&quot;,&quot;category_label&quot;:&quot;Laitages&quot;,&quot;food_id&quot;:&quot;yaourt_nature&quot;,&quot;food_name&quot;:&quot;Yaourt nature&quot;,&quot;grams&quot;:120.0,&quot;unit&quot;:&quot;g&quot;,&quot;eq&quot;:&quot;eq_dairy_yogurt&quot;},{&quot;category&quot;:&quot;fruit&quot;,&quot;category_label&quot;:&quot;Fruits&quot;,&quot;food_id&quot;:&quot;prune&quot;,&quot;food_name&quot;:&quot;Prunes&quot;,&quot;grams&quot;:130.0,&quot;unit&quot;:&quot;g&quot;,&quot;eq&quot;:&quot;eq_fruit&quot;}],&quot;pantry_used&quot;:[],&quot;done&quot;:false,&quot;favorite&quot;:false,&quot;rating&quot;:null},&quot;dinner&quot;:{&quot;recipe&quot;:{&quot;lifestyle&quot;:[&quot;Sans four&quot;,&quot;À emporter&quot;],&quot;blueprint_id&quot;:&quot;bowl_coreen&quot;,&quot;name&quot;:&quot;Bowl de bœuf façon coréenne&quot;,&quot;method&quot;:&quot;korean_bowl&quot;,&quot;image&quot;:&quot;https://images.unsplash.com/photo-1512621776951-a57141f2eefd?w=900&amp;q=80&quot;,&quot;steps&quot;:[&quot;Préparer les ingrédients : laver et détailler épinards (120 g) en morceaux réguliers.&quot;,&quot;Préparer le féculent : cuire riz complet dans un grand volume d'eau bouillante selon le paquet (poids cuit visé : 120 g), égoutter. Laisser tiédir.&quot;,&quot;Préparer la protéine : saisir bavette de bœuf 2 à 4 minutes par face selon la cuisson souhaitée, laisser reposer 2 minutes.&quot;,&quot;Assembler : disposer riz complet, épinards et bavette de bœuf dans un bol ou une assiette creuse.&quot;,&quot;Sauce : mélanger 10 g d'huile de colza avec gingembre, ail, sauce soja réduite en sel. Verser et servir.&quot;,&quot;Laitage : servir 30 g de fromage (comté, emmental…) en fin de repas ou en accompagnement.&quot;,&quot;Dessert : 130 g de raisin.&quot;],&quot;minutes&quot;:20,&quot;difficulty&quot;:&quot;easy&quot;,&quot;difficulty_label&quot;:&quot;Facile&quot;,&quot;extras&quot;:[&quot;eau&quot;,&quot;sel&quot;,&quot;poivre&quot;,&quot;gingembre&quot;,&quot;ail&quot;,&quot;sauce soja réduite en sel&quot;],&quot;quick&quot;:false,&quot;moods&quot;:[],&quot;mode&quot;:null},&quot;components&quot;:[{&quot;category&quot;:&quot;protein&quot;,&quot;category_label&quot;:&quot;Sources de protéines&quot;,&quot;food_id&quot;:&quot;boeuf_bavette&quot;,&quot;food_name&quot;:&quot;Bavette de bœuf&quot;,&quot;grams&quot;:100.0,&quot;unit&quot;:&quot;g&quot;,&quot;eq&quot;:&quot;eq_protein_beef&quot;},{&quot;category&quot;:&quot;vegetables&quot;,&quot;category_label&quot;:&quot;Légumes&quot;,&quot;food_id&quot;:&quot;epinard&quot;,&quot;food_name&quot;:&quot;Épinards&quot;,&quot;grams&quot;:120.0,&quot;unit&quot;:&quot;g&quot;,&quot;eq&quot;:&quot;eq_vegetables&quot;},{&quot;category&quot;:&quot;starch&quot;,&quot;category_label&quot;:&quot;Féculents&quot;,&quot;food_id&quot;:&quot;riz_complet&quot;,&quot;food_name&quot;:&quot;Riz complet&quot;,&quot;grams&quot;:120.0,&quot;unit&quot;:&quot;g&quot;,&quot;eq&quot;:&quot;eq_main_pasta&quot;},{&quot;category&quot;:&quot;fat&quot;,&quot;category_label&quot;:&quot;Matières grasses&quot;,&quot;food_id&quot;:&quot;huile_colza&quot;,&quot;food_name&quot;:&quot;Huile de colza&quot;,&quot;grams&quot;:10.0,&quot;unit&quot;:&quot;g&quot;,&quot;eq&quot;:&quot;eq_main_oil&quot;},{&quot;category&quot;:&quot;dairy&quot;,&quot;category_label&quot;:&quot;Laitages&quot;,&quot;food_id&quot;:&quot;fromage&quot;,&quot;food_name&quot;:&quot;Fromage (comté, emmental…)&quot;,&quot;grams&quot;:30.0,&quot;unit&quot;:&quot;g&quot;,&quot;eq&quot;:&quot;eq_main_cheese&quot;},{&quot;category&quot;:&quot;fruit&quot;,&quot;category_label&quot;:&quot;Fruits&quot;,&quot;food_id&quot;:&quot;raisin&quot;,&quot;food_name&quot;:&quot;Raisin&quot;,&quot;grams&quot;:130.0,&quot;unit&quot;:&quot;g&quot;,&quot;eq&quot;:&quot;eq_fruit&quot;}],&quot;pantry_used&quot;:[],&quot;done&quot;:false,&quot;favorite&quot;:false,&quot;rating&quot;:null,&quot;guests&quot;:1},&quot;snack&quot;:{&quot;recipe&quot;:{&quot;blueprint_id&quot;:&quot;snack&quot;,&quot;name&quot;:&quot;Collation — Figues &amp; amandes &amp; chocolat noir 70 %&quot;,&quot;method&quot;:&quot;snack&quot;,&quot;image&quot;:&quot;https://images.unsplash.com/photo-1490474418585-ba9bad8fd0ea?w=900&amp;q=80&quot;,&quot;steps&quot;:[&quot;Prendre 130 g de figues, entier ou en morceaux.&quot;,&quot;Ajouter 12 g d'amandes (une petite poignée).&quot;,&quot;Terminer par 12 g de chocolat noir 70 %, à savourer lentement.&quot;],&quot;minutes&quot;:5,&quot;difficulty&quot;:&quot;easy&quot;,&quot;difficulty_label&quot;:&quot;Facile&quot;,&quot;extras&quot;:[],&quot;quick&quot;:true,&quot;moods&quot;:[&quot;quick&quot;],&quot;mode&quot;:null,&quot;lifestyle&quot;:[&quot;Sans cuisson&quot;,&quot;Sans four&quot;,&quot;À emporter&quot;]},&quot;components&quot;:[{&quot;category&quot;:&quot;fruit&quot;,&quot;category_label&quot;:&quot;Fruits&quot;,&quot;food_id&quot;:&quot;figue&quot;,&quot;food_name&quot;:&quot;Figues&quot;,&quot;grams&quot;:130.0,&quot;unit&quot;:&quot;g&quot;,&quot;eq&quot;:&quot;eq_fruit&quot;},{&quot;category&quot;:&quot;oleaginous&quot;,&quot;category_label&quot;:&quot;Fruits oléagineux&quot;,&quot;food_id&quot;:&quot;amandes&quot;,&quot;food_name&quot;:&quot;Amandes&quot;,&quot;grams&quot;:12.0,&quot;unit&quot;:&quot;g&quot;,&quot;eq&quot;:&quot;eq_snack_oleaginous&quot;},{&quot;category&quot;:&quot;chocolate&quot;,&quot;category_label&quot;:&quot;Chocolat&quot;,&quot;food_id&quot;:&quot;chocolat_noir&quot;,&quot;food_name&quot;:&quot;Chocolat noir 70 %&quot;,&quot;grams&quot;:12.0,&quot;unit&quot;:&quot;g&quot;,&quot;eq&quot;:&quot;eq_snack_chocolate&quot;}],&quot;pantry_used&quot;:[],&quot;done&quot;:false,&quot;favorite&quot;:false,&quot;rating&quot;:null}}},&quot;week&quot;:0,&quot;day_index&quot;:1,&quot;can_undo&quot;:false}&#10;assert 200 == 400&#10; +  where 200 = &lt;Response [200]&gt;.status_code">backend/tests/test_iteration10.py:91: in test_guests_invalid_value_0
    assert r.status_code == 400, f"expected 400 for value=0, got {r.status_code}: {r.text}"
E   AssertionError: expected 400 for value=0, got 200: {"ok":true,"message":"Repas de retour en portion personnelle.","day":{"day":"Mardi","meals":{"breakfast":{"recipe":{"lifestyle":["Sans four"],"blueprint_id":"tartines_gourmandes","name":"Petit-déjeuner sucré — Tartines gourmandes","method":"toast","image":"https://images.unsplash.com/photo-1509440159596-0249088772ff?w=900&amp;q=80","steps":["Toaster 40 g de pain complet selon le goût.","Tartiner avec 15 g de beurre de cacahuète 100 %.","Ajouter 10 g de pâte à tartiner chocolat-noisette en fine couche.","Servir avec 120 g d'yaourt nature.","Terminer par figues (130 g), entier ou en morceaux."],"minutes":8,"difficulty":"easy","difficulty_label":"Facile","extras":["eau","sel","poivre"],"quick":true,"moods":[],"mode":"sweet"},"components":[{"category":"starch","category_label":"Féculents","food_id":"pain_complet","food_name":"Pain complet","grams":40.0,"unit":"g","eq":"eq_breakfast_bread"},{"category":"fat","category_label":"Matières grasses","food_id":"beurre_cacahuete","food_name":"Beurre de cacahuète 100 %","grams":15.0,"unit":"g","eq":"eq_breakfast_peanut_butter"},{"category":"sweet","category_label":"Produits sucrés","food_id":"pate_tartiner","food_name":"Pâte à tartiner chocolat-noisette","grams":10.0,"unit":"g","eq":"eq_sweet_spread"},{"category":"dairy","category_label":"Laitages","food_id":"yaourt_nature","food_name":"Yaourt nature","grams":120.0,"unit":"g","eq":"eq_dairy_yogurt"},{"category":"fruit","category_label":"Fruits","food_id":"figue","food_name":"Figues","grams":130.0,"unit":"g","eq":"eq_fruit"}],"pantry_used":[],"done":false,"favorite":false,"rating":null,"template":"sweet_bread"},"lunch":{"recipe":{"lifestyle":["Sans four"],"blueprint_id":"risotto_courgettes_crevettes","name":"Risotto crémeux aux courgettes &amp; crevettes","method":"risotto","image":"https://images.unsplash.com/photo-1476124369491-e7addf5db371?w=900&amp;q=80","steps":["Préparer les ingrédients : laver et détailler courgettes (120 g) en morceaux réguliers.","Faire revenir courgettes 3 minutes avec 10 g d'huile de colza, ajouter le riz et nacrer 1 minute.","Mouiller louche par louche avec de l'eau chaude ou un bouillon dégraissé, en remuant, 18 minutes.","Cuire la protéine à part : saisir crevettes 2 à 3 minutes par face à feu vif, jusqu'à ce qu'ils soient nacrés.","Finition : incorporer crevettes et 120 g d'yaourt nature. Assaisonner avec ciboulette, saler légèrement et poivrer.","Dessert : 130 g de prunes."],"minutes":45,"difficulty":"elaborate","difficulty_label":"Créative","extras":["eau","sel","poivre","ciboulette"],"quick":false,"moods":["comfort"],"mode":null},"components":[{"category":"protein","category_label":"Sources de protéines","food_id":"crevettes","food_name":"Crevettes","grams":120.0,"unit":"g","eq":"eq_protein_shellfish"},{"category":"vegetables","category_label":"Légumes","food_id":"courgette","food_name":"Courgettes","grams":120.0,"unit":"g","eq":"eq_vegetables"},{"category":"starch","category_label":"Féculents","food_id":"riz","food_name":"Riz","grams":120.0,"unit":"g","eq":"eq_main_pasta"},{"category":"fat","category_label":"Matières grasses","food_id":"huile_colza","food_name":"Huile de colza","grams":10.0,"unit":"g","eq":"eq_main_oil"},{"category":"dairy","category_label":"Laitages","food_id":"yaourt_nature","food_name":"Yaourt nature","grams":120.0,"unit":"g","eq":"eq_dairy_yogurt"},{"category":"fruit","category_label":"Fruits","food_id":"prune","food_name":"Prunes","grams":130.0,"unit":"g","eq":"eq_fruit"}],"pantry_used":[],"done":false,"favorite":false,"rating":null},"dinner":{"recipe":{"lifestyle":["Sans four","À emporter"],"blueprint_id":"bowl_coreen","name":"Bowl de bœuf façon coréenne","method":"korean_bowl","image":"https://images.unsplash.com/photo-1512621776951-a57141f2eefd?w=900&amp;q=80","steps":["Préparer les ingrédients : laver et détailler épinards (120 g) en morceaux réguliers.","Préparer le féculent : cuire riz complet dans un grand volume d'eau bouillante selon le paquet (poids cuit visé : 120 g), égoutter. Laisser tiédir.","Préparer la protéine : saisir bavette de bœuf 2 à 4 minutes par face selon la cuisson souhaitée, laisser reposer 2 minutes.","Assembler : disposer riz complet, épinards et bavette de bœuf dans un bol ou une assiette creuse.","Sauce : mélanger 10 g d'huile de colza avec gingembre, ail, sauce soja réduite en sel. Verser et servir.","Laitage : servir 30 g de fromage (comté, emmental…) en fin de repas ou en accompagnement.","Dessert : 130 g de raisin."],"minutes":20,"difficulty":"easy","difficulty_label":"Facile","extras":["eau","sel","poivre","gingembre","ail","sauce soja réduite en sel"],"quick":false,"moods":[],"mode":null},"components":[{"category":"protein","category_label":"Sources de protéines","food_id":"boeuf_bavette","food_name":"Bavette de bœuf","grams":100.0,"unit":"g","eq":"eq_protein_beef"},{"category":"vegetables","category_label":"Légumes","food_id":"epinard","food_name":"Épinards","grams":120.0,"unit":"g","eq":"eq_vegetables"},{"category":"starch","category_label":"Féculents","food_id":"riz_complet","food_name":"Riz complet","grams":120.0,"unit":"g","eq":"eq_main_pasta"},{"category":"fat","category_label":"Matières grasses","food_id":"huile_colza","food_name":"Huile de colza","grams":10.0,"unit":"g","eq":"eq_main_oil"},{"category":"dairy","category_label":"Laitages","food_id":"fromage","food_name":"Fromage (comté, emmental…)","grams":30.0,"unit":"g","eq":"eq_main_cheese"},{"category":"fruit","category_label":"Fruits","food_id":"raisin","food_name":"Raisin","grams":130.0,"unit":"g","eq":"eq_fruit"}],"pantry_used":[],"done":false,"favorite":false,"rating":null,"guests":1},"snack":{"recipe":{"blueprint_id":"snack","name":"Collation — Figues &amp; amandes &amp; chocolat noir 70 %","method":"snack","image":"https://images.unsplash.com/photo-1490474418585-ba9bad8fd0ea?w=900&amp;q=80","steps":["Prendre 130 g de figues, entier ou en morceaux.","Ajouter 12 g d'amandes (une petite poignée).","Terminer par 12 g de chocolat noir 70 %, à savourer lentement."],"minutes":5,"difficulty":"easy","difficulty_label":"Facile","extras":[],"quick":true,"moods":["quick"],"mode":null,"lifestyle":["Sans cuisson","Sans four","À emporter"]},"components":[{"category":"fruit","category_label":"Fruits","food_id":"figue","food_name":"Figues","grams":130.0,"unit":"g","eq":"eq_fruit"},{"category":"oleaginous","category_label":"Fruits oléagineux","food_id":"amandes","food_name":"Amandes","grams":12.0,"unit":"g","eq":"eq_snack_oleaginous"},{"category":"chocolate","category_label":"Chocolat","food_id":"chocolat_noir","food_name":"Chocolat noir 70 %","grams":12.0,"unit":"g","eq":"eq_snack_chocolate"}],"pantry_used":[],"done":false,"favorite":false,"rating":null}}},"week":0,"day_index":1,"can_undo":false}
E   assert 200 == 400
E    +  where 200 = &lt;Response [200]&gt;.status_code</failure></testcase><testcase classname="tests.test_iteration10.TestGuests" name="test_guests_invalid_value_9" time="0.073" /></testsuite></testsuites>