<?xml version="1.0" encoding="utf-8"?><testsuites name="pytest tests"><testsuite name="pytest" errors="0" failures="0" skipped="1" tests="49" time="8.279" timestamp="2026-09-12T13:38:09.980768+00:00" hostname="agent-env-ab0e4ca2-0c01-452c-9b51-2866fe1a9c2a"><testcase classname="tests.test_iteration3.TestIteration3PhotosAndBadges" name="test_01_bootstrap_program" time="1.200" /><testcase classname="tests.backend_test.TestFullFlow" name="test_01_targets_get_default" time="0.824" /><testcase classname="tests.backend_test.TestFullFlow" name="test_02_targets_put_duration_2_lunch_protein_150" time="0.412" /><testcase classname="tests.test_iteration3.TestIteration3PhotosAndBadges" name="test_02_badges_shape" time="0.122" /><testcase classname="tests.backend_test.TestFullFlow" name="test_03_parse_text" time="0.116" /><testcase classname="tests.test_iteration3.TestIteration3PhotosAndBadges" name="test_03_first_cook_earned_after_done" time="0.394" /><testcase classname="tests.backend_test.TestFullFlow" name="test_04_targets_unauth" time="0.155" /><testcase classname="tests.backend_test.TestFullFlow" name="test_05_generate_program" time="0.158" /><testcase classname="tests.backend_test.TestFullFlow" name="test_06_exclusions_apply" time="0.498" /><testcase classname="tests.test_iteration3.TestIteration3PhotosAndBadges" name="test_04_upload_photo_ok_or_env" time="0.430" /><testcase classname="tests.test_iteration3.TestIteration3PhotosAndBadges" name="test_05_get_file_with_token" time="0.258" /><testcase classname="tests.backend_test.TestFullFlow" name="test_07_current_program" time="0.129" /><testcase classname="tests.backend_test.TestFullFlow" name="test_08_list_without_weeks" time="0.155" /><testcase classname="tests.test_iteration3.TestIteration3PhotosAndBadges" name="test_06_get_file_without_token_401" time="0.130" /><testcase classname="tests.backend_test.TestFullFlow" name="test_09_extra_program_activate_delete" time="0.818" /><testcase classname="tests.test_iteration3.TestIteration3PhotosAndBadges" name="test_07_get_file_other_user_404" time="0.620" /><testcase classname="tests.test_iteration3.TestIteration3PhotosAndBadges" name="test_08_delete_photo" time="0.121" /><testcase classname="tests.backend_test.TestFullFlow" name="test_10_shopping_shape_and_inventory" time="0.254" /><testcase classname="tests.test_iteration3.TestIteration3PhotosAndBadges" name="test_09_photo_too_large" time="0.610" /><testcase classname="tests.backend_test.TestFullFlow" name="test_11_shopping_toggle_persists" time="0.466" /><testcase classname="tests.test_iteration3.TestIteration3PhotosAndBadges" name="test_10_photo_invalid_week" time="0.121" /><testcase classname="tests.backend_test.TestFullFlow" name="test_12_shopping_out_of_range" time="0.123" /><testcase classname="tests.test_iteration3.TestIteration3PhotosAndBadges" name="test_11_photo_invalid_day" time="0.122" /><testcase classname="tests.backend_test.TestFullFlow" name="test_13_shopping_unauth" time="0.256" /><testcase classname="tests.test_iteration3.TestIteration3PhotosAndBadges" name="test_12_photo_invalid_meal" time="0.181" /><testcase classname="tests.test_iteration3.TestIteration3PhotosAndBadges" name="test_13_delete_photo_invalid_meal" time="0.149" /><testcase classname="tests.backend_test.TestFullFlow" name="test_14_done_toggle" time="0.251" /><testcase classname="tests.backend_test.TestAuth" name="test_root" time="0.125" /><testcase classname="tests.backend_test.TestAuth" name="test_signup_short_password" time="0.121" /><testcase classname="tests.backend_test.TestFullFlow" name="test_15_favorite_and_prefs" time="0.627" /><testcase classname="tests.backend_test.TestAuth" name="test_login_seeded" time="0.390" /><testcase classname="tests.backend_test.TestAuth" name="test_login_invalid" time="0.370" /><testcase classname="tests.backend_test.TestFullFlow" name="test_16_rating_avoid" time="0.461" /><testcase classname="tests.backend_test.TestAuth" name="test_me_requires_auth" time="0.180" /><testcase classname="tests.backend_test.TestAuth" name="test_library" time="0.115" /><testcase classname="tests.backend_test.TestFullFlow" name="test_17_replace_lunch_different" time="0.430" /><testcase classname="tests.backend_test.TestMigrationAndRobustness" name="test_01_old_format_targets_get_returns_new_format" time="0.544" /><testcase classname="tests.backend_test.TestFullFlow" name="test_18_quick_dinner" time="0.121" /><testcase classname="tests.backend_test.TestFullFlow" name="test_19_replace_with_mood_fresh" time="0.123" /><testcase classname="tests.backend_test.TestMigrationAndRobustness" name="test_02_generate_after_old_format_returns_200" time="0.196" /><testcase classname="tests.backend_test.TestFullFlow" name="test_20_replace_component" time="0.320"><skipped type="pytest.skip" message="no equivalent available (acceptable)">/app/backend/tests/backend_test.py:308: no equivalent available (acceptable)</skipped></testcase><testcase classname="tests.backend_test.TestMigrationAndRobustness" name="test_03_put_targets_garbage_payload_normalized" time="0.451" /><testcase classname="tests.backend_test.TestFullFlow" name="test_21_unknown_action" time="0.124" /><testcase classname="tests.backend_test.TestFullFlow" name="test_22_meals_action_unauth" time="0.147" /><testcase classname="tests.backend_test.TestMigrationAndRobustness" name="test_04_old_format_programs_not_returned" time="0.388" /><testcase classname="tests.backend_test.TestFullFlow" name="test_23_swap_day_400_when_different" time="0.164" /><testcase classname="tests.backend_test.TestFullFlow" name="test_24_swap_day_success_when_equal" time="0.687" /><testcase classname="tests.backend_test.TestMigrationAndRobustness" name="test_05_unknown_program_id_404" time="0.137" /><testcase classname="tests.backend_test.TestMigrationAndRobustness" name="test_06_recipe_names_elision" time="0.464" /></testsuite></testsuites>