<?xml version="1.0" encoding="utf-8"?><testsuites name="pytest tests"><testsuite name="pytest" errors="0" failures="0" skipped="1" tests="104" time="78.048" timestamp="2026-09-13T08:17:36.125635+00:00" hostname="agent-env-ab0e4ca2-0c01-452c-9b51-2866fe1a9c2a"><testcase classname="tests.backend_test.TestFullFlow" name="test_01_targets_get_default" time="0.791" /><testcase classname="tests.test_iteration3.TestIteration3PhotosAndBadges" name="test_01_bootstrap_program" time="1.229" /><testcase classname="tests.backend_test.TestFullFlow" name="test_02_targets_put_duration_2_lunch_protein_150" time="0.633" /><testcase classname="tests.test_iteration3.TestIteration3PhotosAndBadges" name="test_02_badges_shape" time="0.278" /><testcase classname="tests.backend_test.TestFullFlow" name="test_03_parse_text" time="0.180" /><testcase classname="tests.test_iteration3.TestIteration3PhotosAndBadges" name="test_03_first_cook_earned_after_done" time="0.609" /><testcase classname="tests.backend_test.TestFullFlow" name="test_04_targets_unauth" time="0.150" /><testcase classname="tests.backend_test.TestFullFlow" name="test_05_generate_program" time="0.189" /><testcase classname="tests.backend_test.TestFullFlow" name="test_06_exclusions_apply" time="0.633" /><testcase classname="tests.test_iteration3.TestIteration3PhotosAndBadges" name="test_04_upload_photo_ok_or_env" time="0.655" /><testcase classname="tests.backend_test.TestFullFlow" name="test_07_current_program" time="0.227" /><testcase classname="tests.test_iteration3.TestIteration3PhotosAndBadges" name="test_05_get_file_with_token" time="0.404" /><testcase classname="tests.backend_test.TestFullFlow" name="test_08_list_without_weeks" time="0.222" /><testcase classname="tests.backend_test.TestFullFlow" name="test_09_extra_program_activate_delete" time="1.165" /><testcase classname="tests.test_iteration3.TestIteration3PhotosAndBadges" name="test_06_get_file_without_token_401" time="0.175" /><testcase classname="tests.test_iteration3.TestIteration3PhotosAndBadges" name="test_07_get_file_other_user_404" time="0.755" /><testcase classname="tests.test_iteration3.TestIteration3PhotosAndBadges" name="test_08_delete_photo" time="0.178" /><testcase classname="tests.backend_test.TestFullFlow" name="test_10_shopping_shape_and_inventory" time="0.383" /><testcase classname="tests.test_iteration3.TestIteration3PhotosAndBadges" name="test_09_photo_too_large" time="0.603" /><testcase classname="tests.backend_test.TestFullFlow" name="test_11_shopping_toggle_persists" time="0.567" /><testcase classname="tests.test_iteration3.TestIteration3PhotosAndBadges" name="test_10_photo_invalid_week" time="0.156" /><testcase classname="tests.test_iteration3.TestIteration3PhotosAndBadges" name="test_11_photo_invalid_day" time="0.187" /><testcase classname="tests.backend_test.TestFullFlow" name="test_12_shopping_out_of_range" time="0.152" /><testcase classname="tests.test_iteration3.TestIteration3PhotosAndBadges" name="test_12_photo_invalid_meal" time="0.181" /><testcase classname="tests.backend_test.TestFullFlow" name="test_13_shopping_unauth" time="0.314" /><testcase classname="tests.test_iteration3.TestIteration3PhotosAndBadges" name="test_13_delete_photo_invalid_meal" time="0.206" /><testcase classname="tests.backend_test.TestFullFlow" name="test_14_done_toggle" time="0.440" /><testcase classname="tests.test_iteration5.TestIteration5" name="test_01_hydration_today_default" time="0.688" /><testcase classname="tests.backend_test.TestFullFlow" name="test_15_favorite_and_prefs" time="0.599" /><testcase classname="tests.test_iteration5.TestIteration5" name="test_02_hydration_post_plus3" time="0.182" /><testcase classname="tests.test_iteration5.TestIteration5" name="test_03_hydration_post_floor_at_zero" time="0.221" /><testcase classname="tests.backend_test.TestFullFlow" name="test_16_rating_avoid" time="0.488" /><testcase classname="tests.test_iteration5.TestIteration5" name="test_04_hydration_bad_date_400" time="0.201" /><testcase classname="tests.test_iteration5.TestIteration5" name="test_05_hydration_goal_ok" time="0.349" /><testcase classname="tests.backend_test.TestFullFlow" name="test_17_replace_lunch_different" time="0.422" /><testcase classname="tests.test_iteration5.TestIteration5" name="test_06_hydration_goal_too_low" time="0.179" /><testcase classname="tests.test_iteration5.TestIteration5" name="test_07_hydration_goal_too_high" time="0.181" /><testcase classname="tests.backend_test.TestFullFlow" name="test_18_quick_dinner" time="0.202" /><testcase classname="tests.test_iteration5.TestIteration5" name="test_08_photos_empty" time="0.423" /><testcase classname="tests.backend_test.TestFullFlow" name="test_19_replace_with_mood_fresh" time="0.222" /><testcase classname="tests.backend_test.TestFullFlow" name="test_20_replace_component" time="0.395" /><testcase classname="tests.test_iteration5.TestIteration5" name="test_09_photos_upload_then_listed_then_deleted" time="1.041" /><testcase classname="tests.backend_test.TestFullFlow" name="test_21_unknown_action" time="0.205" /><testcase classname="tests.backend_test.TestFullFlow" name="test_22_meals_action_unauth" time="0.193" /><testcase classname="tests.backend_test.TestFullFlow" name="test_23_swap_day_400_when_different" time="0.222" /><testcase classname="tests.backend_test.TestFullFlow" name="test_24_swap_day_success_when_equal" time="0.988" /><testcase classname="tests.test_iteration5.TestIteration5" name="test_10_favorites_toggle_flow" time="0.960" /><testcase classname="tests.test_iteration6.TestIteration6" name="test_01_recap_week0_shape" time="0.919" /><testcase classname="tests.test_iteration5.TestIteration5" name="test_11_outside_toggle_flow" time="0.586" /><testcase classname="tests.test_iteration5.TestIteration5" name="test_12_regression_current_and_shopping" time="0.561" /><testcase classname="tests.test_iteration6.TestIteration6" name="test_02_recap_done_increment" time="0.854" /><testcase classname="tests.test_iteration4.TestIteration4" name="test_01_preferences_has_notes_and_goal_defaults" time="0.585" /><testcase classname="tests.test_iteration6.TestIteration6" name="test_03_recap_week_out_of_range_404" time="15.219" /><testcase classname="tests.test_iteration4.TestIteration4" name="test_02_put_goal_weight_ok" time="15.480" /><testcase classname="tests.test_iteration6.TestIteration6" name="test_04_recap_unknown_program_404" time="0.252" /><testcase classname="tests.test_iteration6.TestIteration6" name="test_10_batch_week0_shape" time="0.202" /><testcase classname="tests.test_iteration4.TestIteration4" name="test_03_put_goal_weight_out_of_range" time="15.214" /><testcase classname="tests.test_iteration6.TestIteration6" name="test_11_batch_groups_invariants" time="19.616" /><testcase classname="tests.test_iteration4.TestIteration4" name="test_04_put_goal_weight_null_resets" time="0.425" /><testcase classname="tests.test_iteration4.TestIteration4" name="test_05_put_note_and_get" time="0.357" /><testcase classname="tests.test_iteration4.TestIteration4" name="test_06_put_note_empty_removes_key" time="0.524" /><testcase classname="tests.test_iteration4.TestIteration4" name="test_07_put_note_blank_blueprint_id_400" time="15.179" /><testcase classname="tests.test_iteration6.TestIteration6" name="test_12_batch_week_out_of_range_404" time="8.437" /><testcase classname="tests.test_iteration6.TestIteration6" name="test_13_batch_unknown_program_404" time="0.185" /><testcase classname="tests.test_iteration6.TestIteration6" name="test_20_programs_current_200" time="0.222" /><testcase classname="tests.test_iteration6.TestIteration6" name="test_21_badges_200" time="0.182" /><testcase classname="tests.test_iteration6.TestIteration6" name="test_22_hydration_today_200" time="0.177" /><testcase classname="tests.test_iteration7.TestIteration7" name="test_01_substitutes_shape" time="0.908" /><testcase classname="tests.test_iteration7.TestIteration7" name="test_02_same_family_first" time="15.611" /><testcase classname="tests.test_iteration4.TestIteration4" name="test_08_put_note_truncated_to_1000_chars" time="11.574" /><testcase classname="tests.test_iteration4.TestIteration4" name="test_09_regression_current_program_and_badges" time="0.733" /><testcase classname="tests.test_iteration4.TestIteration4" name="test_10_regression_weights_post_and_get" time="0.328" /><testcase classname="tests.backend_test.TestAuth" name="test_root" time="0.168" /><testcase classname="tests.backend_test.TestAuth" name="test_signup_short_password" time="0.146" /><testcase classname="tests.backend_test.TestAuth" name="test_login_seeded" time="0.445" /><testcase classname="tests.backend_test.TestAuth" name="test_login_invalid" time="0.422" /><testcase classname="tests.test_iteration7.TestIteration7" name="test_03_substitutes_index_out_of_range" time="0.242" /><testcase classname="tests.backend_test.TestAuth" name="test_me_requires_auth" time="0.156" /><testcase classname="tests.backend_test.TestAuth" name="test_library" time="0.147" /><testcase classname="tests.test_iteration7.TestIteration7" name="test_04_substitutes_unknown_meal" time="0.178" /><testcase classname="tests.backend_test.TestMigrationAndRobustness" name="test_01_old_format_targets_get_returns_new_format" time="0.671" /><testcase classname="tests.test_iteration7.TestIteration7" name="test_05_set_component_success" time="0.677" /><testcase classname="tests.backend_test.TestMigrationAndRobustness" name="test_02_generate_after_old_format_returns_200" time="0.247" /><testcase classname="tests.test_iteration7.TestIteration7" name="test_06_set_component_invalid_food_id" time="0.206" /><testcase classname="tests.backend_test.TestMigrationAndRobustness" name="test_03_put_targets_garbage_payload_normalized" time="0.556" /><testcase classname="tests.test_iteration7.TestIteration7" name="test_07_regression_generate" time="0.290" /><testcase classname="tests.test_iteration7.TestIteration7" name="test_08_regression_shopping_week0" time="0.194" /><testcase classname="tests.backend_test.TestMigrationAndRobustness" name="test_04_old_format_programs_not_returned" time="0.768" /><testcase classname="tests.test_iteration7.TestIteration7" name="test_09_regression_recap_week0" time="0.161" /><testcase classname="tests.test_iteration7.TestIteration7" name="test_10_regression_batch_week0" time="0.172" /><testcase classname="tests.backend_test.TestMigrationAndRobustness" name="test_05_unknown_program_id_404" time="0.172" /><testcase classname="tests.test_iteration8.TestShoppingHousehold" name="test_household_default_is_1" time="0.630" /><testcase classname="tests.backend_test.TestMigrationAndRobustness" name="test_06_recipe_names_elision" time="0.634" /><testcase classname="tests.test_iteration8.TestShoppingHousehold" name="test_household_2_doubles_raw_grams" time="0.166" /><testcase classname="tests.test_iteration8.TestShoppingHousehold" name="test_household_2_text_mentions" time="0.080" /><testcase classname="tests.test_iteration8.TestShoppingHousehold" name="test_household_7_returns_422" time="0.085" /><testcase classname="tests.test_iteration8.TestRegression" name="test_shopping_toggle" time="0.164" /><testcase classname="tests.test_iteration8.TestRegression" name="test_recap_week_0" time="0.092" /><testcase classname="tests.test_iteration8.TestRegression" name="test_substitutes" time="0.182" /><testcase classname="tests.test_iteration8.TestLifestyleBadges" name="test_main_meals_have_lifestyle_list" time="0.296" /><testcase classname="tests.test_iteration8.TestLifestyleBadges" name="test_snack_lifestyle_field_missing_bug" time="0.096"><skipped type="pytest.xfail" message="KNOWN: snack recipe missing 'lifestyle' in 28 meals (engine.py:490 build_snack builds recipe dict inline instead of via make_recipe)" /></testcase><testcase classname="tests.test_iteration8.TestUndo" name="test_replace_then_undo_restores_original" time="1.065" /><testcase classname="tests.test_iteration8.TestUndo" name="test_second_undo_returns_400" time="0.093" /><testcase classname="tests.test_iteration8.TestUndo" name="test_done_does_not_create_snapshot" time="0.277" /></testsuite></testsuites>