<?xml version="1.0" encoding="utf-8"?><testsuites name="pytest tests"><testsuite name="pytest" errors="0" failures="0" skipped="0" tests="6" time="1.805" timestamp="2026-09-13T13:43:56.403982+00:00" hostname="agent-env-ab0e4ca2-0c01-452c-9b51-2866fe1a9c2a"><testcase classname="tests.test_iteration11.TestKcal" name="test_every_meal_has_positive_int_kcal" time="0.899" /><testcase classname="tests.test_iteration11.TestKcal" name="test_recipe_kcal_equals_sum_components" time="0.000" /><testcase classname="tests.test_iteration11.TestKcal" name="test_kcal_plausible_ranges" time="0.000" /><testcase classname="tests.test_iteration11.TestSetComponentKcal" name="test_set_component_recomputes_kcal" time="0.455" /><testcase classname="tests.test_iteration11.TestImageCoherence" name="test_image_matches_method_or_protein" time="0.975" /><testcase classname="tests.test_iteration11.TestCurrentProgram" name="test_login_and_current_all_meals_have_kcal" time="0.491" /></testsuite></testsuites>