<?xml version="1.0" encoding="utf-8"?><testsuites name="pytest tests"><testsuite name="pytest" errors="0" failures="0" skipped="0" tests="11" time="3.128" timestamp="2026-09-14T11:46:32.782915+00:00" hostname="agent-env-ab0e4ca2-0c01-452c-9b51-2866fe1a9c2a"><testcase classname="tests.test_iteration12.TestLibrary" name="test_equivalences_portions_and_foods" time="0.309" /><testcase classname="tests.test_iteration12.TestIt12Flow" name="test_01_snack_has_dairy_zero" time="0.594" /><testcase classname="tests.test_iteration12.TestLibrary" name="test_rules_info_bread_bonus" time="0.221" /><testcase classname="tests.test_iteration12.TestLibrary" name="test_onion_garlic_are_condiments" time="0.148" /><testcase classname="tests.test_iteration12.TestIt12Flow" name="test_02_generate_has_base_grams_and_bonus" time="0.543" /><testcase classname="tests.test_iteration12.TestHydration" name="test_default_goal_is_4" time="0.937" /><testcase classname="tests.test_iteration12.TestIt12Flow" name="test_03_protein_conversions" time="0.336" /><testcase classname="tests.test_iteration12.TestIt12Flow" name="test_04_exclusions_fish_ail" time="0.439" /><testcase classname="tests.test_iteration12.TestIt12Flow" name="test_05_recipes_search" time="0.296" /><testcase classname="tests.test_iteration12.TestIt12Flow" name="test_06_apply_recipe_undo" time="0.374" /><testcase classname="tests.test_iteration12.TestIt12Flow" name="test_07_set_component_conversion_and_name" time="0.230" /></testsuite></testsuites>