<?xml version="1.0" encoding="utf-8"?><testsuites name="pytest tests"><testsuite name="pytest" errors="0" failures="1" skipped="0" tests="11" time="3.215" timestamp="2026-09-12T14:32:50.827216+00:00" hostname="agent-env-ab0e4ca2-0c01-452c-9b51-2866fe1a9c2a"><testcase classname="tests.test_iteration6.TestIteration6" name="test_01_recap_week0_shape" time="0.866" /><testcase classname="tests.test_iteration6.TestIteration6" name="test_02_recap_done_increment" time="0.676" /><testcase classname="tests.test_iteration6.TestIteration6" name="test_03_recap_week_out_of_range_404" time="0.151" /><testcase classname="tests.test_iteration6.TestIteration6" name="test_04_recap_unknown_program_404" time="0.126" /><testcase classname="tests.test_iteration6.TestIteration6" name="test_10_batch_week0_shape" time="0.137" /><testcase classname="tests.test_iteration6.TestIteration6" name="test_11_batch_groups_invariants" time="0.172" /><testcase classname="tests.test_iteration6.TestIteration6" name="test_12_batch_week_out_of_range_404" time="0.182" /><testcase classname="tests.test_iteration6.TestIteration6" name="test_13_batch_unknown_program_404" time="0.128" /><testcase classname="tests.test_iteration6.TestIteration6" name="test_20_programs_current_200" time="0.170" /><testcase classname="tests.test_iteration6.TestIteration6" name="test_21_badges_200" time="0.147"><failure message="AssertionError: {&quot;detail&quot;:&quot;Not Found&quot;}&#10;assert 404 == 200&#10; +  where 404 = &lt;Response [404]&gt;.status_code">backend/tests/test_iteration6.py:172: in test_21_badges_200
    assert r.status_code == 200, r.text
E   AssertionError: {"detail":"Not Found"}
E   assert 404 == 200
E    +  where 404 = &lt;Response [404]&gt;.status_code</failure></testcase><testcase classname="tests.test_iteration6.TestIteration6" name="test_22_hydration_today_200" time="0.121" /></testsuite></testsuites>