<?xml version="1.0" encoding="utf-8"?><testsuites name="pytest tests"><testsuite name="pytest" errors="0" failures="0" skipped="0" tests="59" time="25.661" timestamp="2026-09-12T13:54:32.478943+00:00" hostname="agent-env-ab0e4ca2-0c01-452c-9b51-2866fe1a9c2a"><testcase classname="tests.backend_test.TestFullFlow" name="test_01_targets_get_default" time="0.713" /><testcase classname="tests.test_iteration3.TestIteration3PhotosAndBadges" name="test_01_bootstrap_program" time="0.986" /><testcase classname="tests.backend_test.TestFullFlow" name="test_02_targets_put_duration_2_lunch_protein_150" time="0.432" /><testcase classname="tests.test_iteration3.TestIteration3PhotosAndBadges" name="test_02_badges_shape" time="0.121" /><testcase classname="tests.test_iteration3.TestIteration3PhotosAndBadges" name="test_03_first_cook_earned_after_done" time="0.403" /><testcase classname="tests.backend_test.TestFullFlow" name="test_03_parse_text" time="0.123" /><testcase classname="tests.backend_test.TestFullFlow" name="test_04_targets_unauth" time="0.156" /><testcase classname="tests.backend_test.TestFullFlow" name="test_05_generate_program" time="0.185" /><testcase classname="tests.test_iteration3.TestIteration3PhotosAndBadges" name="test_04_upload_photo_ok_or_env" time="0.444" /><testcase classname="tests.backend_test.TestFullFlow" name="test_06_exclusions_apply" time="0.433" /><testcase classname="tests.test_iteration3.TestIteration3PhotosAndBadges" name="test_05_get_file_with_token" time="0.238" /><testcase classname="tests.backend_test.TestFullFlow" name="test_07_current_program" time="0.738" /><testcase classname="tests.test_iteration3.TestIteration3PhotosAndBadges" name="test_06_get_file_without_token_401" time="0.135" /><testcase classname="tests.test_iteration3.TestIteration3PhotosAndBadges" name="test_07_get_file_other_user_404" time="0.595" /><testcase classname="tests.backend_test.TestFullFlow" name="test_08_list_without_weeks" time="0.130" /><testcase classname="tests.backend_test.TestFullFlow" name="test_09_extra_program_activate_delete" time="0.732" /><testcase classname="tests.test_iteration3.TestIteration3PhotosAndBadges" name="test_08_delete_photo" time="0.119" /><testcase classname="tests.test_iteration3.TestIteration3PhotosAndBadges" name="test_09_photo_too_large" time="0.567" /><testcase classname="tests.test_iteration3.TestIteration3PhotosAndBadges" name="test_10_photo_invalid_week" time="0.135" /><testcase classname="tests.backend_test.TestFullFlow" name="test_10_shopping_shape_and_inventory" time="0.283" /><testcase classname="tests.test_iteration3.TestIteration3PhotosAndBadges" name="test_11_photo_invalid_day" time="0.124" /><testcase classname="tests.test_iteration3.TestIteration3PhotosAndBadges" name="test_12_photo_invalid_meal" time="0.116" /><testcase classname="tests.backend_test.TestFullFlow" name="test_11_shopping_toggle_persists" time="0.583" /><testcase classname="tests.test_iteration3.TestIteration3PhotosAndBadges" name="test_13_delete_photo_invalid_meal" time="0.156" /><testcase classname="tests.test_iteration4.TestIteration4" name="test_01_preferences_has_notes_and_goal_defaults" time="0.504" /><testcase classname="tests.backend_test.TestFullFlow" name="test_12_shopping_out_of_range" time="0.124" /><testcase classname="tests.backend_test.TestFullFlow" name="test_13_shopping_unauth" time="0.227" /><testcase classname="tests.test_iteration4.TestIteration4" name="test_02_put_goal_weight_ok" time="0.239" /><testcase classname="tests.backend_test.TestFullFlow" name="test_14_done_toggle" time="0.266" /><testcase classname="tests.test_iteration4.TestIteration4" name="test_03_put_goal_weight_out_of_range" time="0.159" /><testcase classname="tests.test_iteration4.TestIteration4" name="test_04_put_goal_weight_null_resets" time="0.279" /><testcase classname="tests.backend_test.TestFullFlow" name="test_15_favorite_and_prefs" time="0.357" /><testcase classname="tests.test_iteration4.TestIteration4" name="test_05_put_note_and_get" time="0.265" /><testcase classname="tests.backend_test.TestFullFlow" name="test_16_rating_avoid" time="0.400" /><testcase classname="tests.test_iteration4.TestIteration4" name="test_06_put_note_empty_removes_key" time="0.347" /><testcase classname="tests.backend_test.TestFullFlow" name="test_17_replace_lunch_different" time="0.247" /><testcase classname="tests.test_iteration4.TestIteration4" name="test_07_put_note_blank_blueprint_id_400" time="0.112" /><testcase classname="tests.test_iteration4.TestIteration4" name="test_08_put_note_truncated_to_1000_chars" time="0.307" /><testcase classname="tests.backend_test.TestFullFlow" name="test_18_quick_dinner" time="0.124" /><testcase classname="tests.backend_test.TestFullFlow" name="test_19_replace_with_mood_fresh" time="0.145" /><testcase classname="tests.test_iteration4.TestIteration4" name="test_09_regression_current_program_and_badges" time="0.506" /><testcase classname="tests.backend_test.TestFullFlow" name="test_20_replace_component" time="0.307" /><testcase classname="tests.backend_test.TestFullFlow" name="test_21_unknown_action" time="0.140" /><testcase classname="tests.backend_test.TestFullFlow" name="test_22_meals_action_unauth" time="0.143" /><testcase classname="tests.test_iteration4.TestIteration4" name="test_10_regression_weights_post_and_get" time="0.338" /><testcase classname="tests.backend_test.TestFullFlow" name="test_23_swap_day_400_when_different" time="0.130" /><testcase classname="tests.backend_test.TestFullFlow" name="test_24_swap_day_success_when_equal" time="15.830" /><testcase classname="tests.backend_test.TestAuth" name="test_root" time="0.118" /><testcase classname="tests.backend_test.TestAuth" name="test_signup_short_password" time="0.124" /><testcase classname="tests.backend_test.TestAuth" name="test_login_seeded" time="0.408" /><testcase classname="tests.backend_test.TestAuth" name="test_login_invalid" time="15.346" /><testcase classname="tests.backend_test.TestMigrationAndRobustness" name="test_01_old_format_targets_get_returns_new_format" time="0.664" /><testcase classname="tests.backend_test.TestAuth" name="test_me_requires_auth" time="0.222" /><testcase classname="tests.backend_test.TestAuth" name="test_library" time="0.140" /><testcase classname="tests.backend_test.TestMigrationAndRobustness" name="test_02_generate_after_old_format_returns_200" time="0.229" /><testcase classname="tests.backend_test.TestMigrationAndRobustness" name="test_03_put_targets_garbage_payload_normalized" time="0.469" /><testcase classname="tests.backend_test.TestMigrationAndRobustness" name="test_04_old_format_programs_not_returned" time="0.425" /><testcase classname="tests.backend_test.TestMigrationAndRobustness" name="test_05_unknown_program_id_404" time="0.136" /><testcase classname="tests.backend_test.TestMigrationAndRobustness" name="test_06_recipe_names_elision" time="0.442" /></testsuite></testsuites>