<?xml version="1.0" encoding="utf-8"?><testsuites name="pytest tests"><testsuite name="pytest" errors="0" failures="0" skipped="0" tests="8" time="2.096" timestamp="2026-09-13T08:31:25.145666+00:00" hostname="agent-env-ab0e4ca2-0c01-452c-9b51-2866fe1a9c2a"><testcase classname="tests.test_iteration9.TestBackupExport" name="test_backup_shape" time="1.156" /><testcase classname="tests.test_iteration9.TestBackupRestore" name="test_restore_valid" time="1.465" /><testcase classname="tests.test_iteration9.TestBackupExport" name="test_backup_no_mongo_id" time="0.099" /><testcase classname="tests.test_iteration9.TestRegression" name="test_shopping_0" time="0.184" /><testcase classname="tests.test_iteration9.TestRegression" name="test_recap_0" time="0.186" /><testcase classname="tests.test_iteration9.TestBackupRestore" name="test_current_program_marked_restored" time="0.106" /><testcase classname="tests.test_iteration9.TestBackupRestore" name="test_restore_bad_version" time="0.125" /><testcase classname="tests.test_iteration9.TestBackupRestore" name="test_restore_empty" time="0.088" /></testsuite></testsuites>