<?xml version="1.0" encoding="utf-8"?><testsuites name="pytest tests"><testsuite name="pytest" errors="0" failures="0" skipped="0" tests="12" time="4.498" timestamp="2026-09-12T14:07:51.721356+00:00" hostname="agent-env-ab0e4ca2-0c01-452c-9b51-2866fe1a9c2a"><testcase classname="tests.test_iteration5.TestIteration5" name="test_01_hydration_today_default" time="0.635" /><testcase classname="tests.test_iteration5.TestIteration5" name="test_02_hydration_post_plus3" time="0.161" /><testcase classname="tests.test_iteration5.TestIteration5" name="test_03_hydration_post_floor_at_zero" time="0.172" /><testcase classname="tests.test_iteration5.TestIteration5" name="test_04_hydration_bad_date_400" time="0.148" /><testcase classname="tests.test_iteration5.TestIteration5" name="test_05_hydration_goal_ok" time="0.276" /><testcase classname="tests.test_iteration5.TestIteration5" name="test_06_hydration_goal_too_low" time="0.136" /><testcase classname="tests.test_iteration5.TestIteration5" name="test_07_hydration_goal_too_high" time="0.138" /><testcase classname="tests.test_iteration5.TestIteration5" name="test_08_photos_empty" time="0.309" /><testcase classname="tests.test_iteration5.TestIteration5" name="test_09_photos_upload_then_listed_then_deleted" time="0.702" /><testcase classname="tests.test_iteration5.TestIteration5" name="test_10_favorites_toggle_flow" time="0.746" /><testcase classname="tests.test_iteration5.TestIteration5" name="test_11_outside_toggle_flow" time="0.255" /><testcase classname="tests.test_iteration5.TestIteration5" name="test_12_regression_current_and_shopping" time="0.481" /></testsuite></testsuites>