<?xml version="1.0" encoding="utf-8"?><testsuites name="pytest tests"><testsuite name="pytest" errors="0" failures="0" skipped="1" tests="36" time="35.527" timestamp="2026-09-12T13:15:54.333814+00:00" hostname="agent-env-ab0e4ca2-0c01-452c-9b51-2866fe1a9c2a"><testcase classname="tests.backend_test.TestAuth" name="test_root" time="10.186" /><testcase classname="tests.backend_test.TestFullFlow" name="test_01_targets_get_default" time="8.756" /><testcase classname="tests.backend_test.TestFullFlow" name="test_02_targets_put_duration_2_lunch_protein_150" time="10.450" /><testcase classname="tests.backend_test.TestAuth" name="test_signup_short_password" time="11.364" /><testcase classname="tests.backend_test.TestFullFlow" name="test_03_parse_text" time="1.155" /><testcase classname="tests.backend_test.TestFullFlow" name="test_04_targets_unauth" time="0.140" /><testcase classname="tests.backend_test.TestFullFlow" name="test_05_generate_program" time="1.178" /><testcase classname="tests.backend_test.TestAuth" name="test_login_seeded" time="0.353" /><testcase classname="tests.backend_test.TestFullFlow" name="test_06_exclusions_apply" time="1.523" /><testcase classname="tests.backend_test.TestAuth" name="test_login_invalid" time="0.364" /><testcase classname="tests.backend_test.TestAuth" name="test_me_requires_auth" time="2.181" /><testcase classname="tests.backend_test.TestFullFlow" name="test_07_current_program" time="0.145" /><testcase classname="tests.backend_test.TestFullFlow" name="test_08_list_without_weeks" time="1.209" /><testcase classname="tests.backend_test.TestAuth" name="test_library" time="0.167" /><testcase classname="tests.backend_test.TestFullFlow" name="test_09_extra_program_activate_delete" time="0.814" /><testcase classname="tests.backend_test.TestMigrationAndRobustness" name="test_01_old_format_targets_get_returns_new_format" time="0.606" /><testcase classname="tests.backend_test.TestMigrationAndRobustness" name="test_02_generate_after_old_format_returns_200" time="0.228" /><testcase classname="tests.backend_test.TestFullFlow" name="test_10_shopping_shape_and_inventory" time="0.245" /><testcase classname="tests.backend_test.TestMigrationAndRobustness" name="test_03_put_targets_garbage_payload_normalized" time="1.520" /><testcase classname="tests.backend_test.TestFullFlow" name="test_11_shopping_toggle_persists" time="0.428" /><testcase classname="tests.backend_test.TestFullFlow" name="test_12_shopping_out_of_range" time="0.129" /><testcase classname="tests.backend_test.TestFullFlow" name="test_13_shopping_unauth" time="0.277" /><testcase classname="tests.backend_test.TestFullFlow" name="test_14_done_toggle" time="0.283" /><testcase classname="tests.backend_test.TestFullFlow" name="test_15_favorite_and_prefs" time="0.416" /><testcase classname="tests.backend_test.TestMigrationAndRobustness" name="test_04_old_format_programs_not_returned" time="0.429" /><testcase classname="tests.backend_test.TestFullFlow" name="test_16_rating_avoid" time="0.435" /><testcase classname="tests.backend_test.TestMigrationAndRobustness" name="test_05_unknown_program_id_404" time="7.305" /><testcase classname="tests.backend_test.TestFullFlow" name="test_17_replace_lunch_different" time="0.255" /><testcase classname="tests.backend_test.TestFullFlow" name="test_18_quick_dinner" time="0.147" /><testcase classname="tests.backend_test.TestFullFlow" name="test_19_replace_with_mood_fresh" time="0.140" /><testcase classname="tests.backend_test.TestFullFlow" name="test_20_replace_component" time="0.253"><skipped type="pytest.skip" message="no equivalent available (acceptable)">/app/backend/tests/backend_test.py:308: no equivalent available (acceptable)</skipped></testcase><testcase classname="tests.backend_test.TestFullFlow" name="test_21_unknown_action" time="0.148" /><testcase classname="tests.backend_test.TestFullFlow" name="test_22_meals_action_unauth" time="0.136" /><testcase classname="tests.backend_test.TestFullFlow" name="test_23_swap_day_400_when_different" time="0.152" /><testcase classname="tests.backend_test.TestFullFlow" name="test_24_swap_day_success_when_equal" time="1.827" /><testcase classname="tests.backend_test.TestMigrationAndRobustness" name="test_06_recipe_names_elision" time="0.468" /></testsuite></testsuites>